<?xml version="1.0" encoding="UTF-8"?>
<testsuite name="it.cs.unicam.progettomadeinitaly.api.supplychain.businessspecializations.ResaleSpecializationTest" tests="1" skipped="0" failures="0" errors="0" timestamp="2024-12-31T09:20:24" hostname="DESKTOP-Q2B8VT0" time="0.021">
  <properties/>
  <testcase name="addContent()" classname="it.cs.unicam.progettomadeinitaly.api.supplychain.businessspecializations.ResaleSpecializationTest" time="0.021"/>
  <system-out><![CDATA[]]></system-out>
  <system-err><![CDATA[]]></system-err>
</testsuite>
